> n_trainable_params: 111256323, n_nontrainable_params: 0
> training arguments:
>>> model_name: senticgcn_bert
>>> dataset: rest14
>>> optimizer: <class 'torch.optim.adam.Adam'>
>>> initializer: <function xavier_uniform_ at 0x7f48c59b8310>
>>> lr: 2e-05
>>> dropout: 0.1
>>> l2reg: 1e-05
>>> num_epoch: 30
>>> batch_size: 16
>>> log_step: 5
>>> embed_dim: 300
>>> hidden_dim: 768
>>> bert_dim: 768
>>> pretrained_bert_name: bert-base-uncased
>>> max_seq_len: 85
>>> polarities_dim: 3
>>> hops: 3
>>> patience: 5
>>> device: cpu
>>> seed: 39
>>> valset_ratio: 0
>>> model_class: <class 'models.senticgcn_bert.SenticGCN_BERT'>
>>> dataset_file: {'train': './datasets/semeval14/restaurant_train.raw', 'test': './datasets/semeval14/restaurant_test.raw'}
>>> inputs_cols: ['text_bert_indices', 'text_indices', 'aspect_indices', 'bert_segments_indices', 'left_indices', 'sdat_graph']
>>>>>>>>>>>>>>>>>>>>>>>>>>>>>>>>>>>>>>>>>>>>>>>>>>>>>>>>>>>>>>>>>>>>>>>>>>>>>>>>>>>>>>>>>>>>>>>>>>>>
epoch: 0
